/*
 *  CMSIS Pack Debug Access Sequence Log
 *  File        : E:\A_Important_Resource\STM32库（自建）\01Light_Up_LED\Projects\MDK-ARM\atk_f103_Sequences_0001.log
 *  Created     : 23:18:02 (24/01/2024)
 *  Device      : STM32F103C8
 *  PDSC File   : F:/Program Files (x86)/keil5/Packs/Keil/STM32F1xx_DFP/2.4.0/Keil.STM32F1xx_DFP.pdsc
 *  Config File : E:\A_Important_Resource\STM32库（自建）\01Light_Up_LED\Projects\MDK-ARM\DebugConfig\Template_STM32F103C8_1.0.0.dbgconf
 *
 */

[23:18:02.253]  **********  Sequence "DebugDeviceUnlock"  (Context="Connect", Pname="", info="")
[23:18:02.253]  
[23:18:02.255]  <debugvars>
[23:18:02.257]    // Pre-defined
[23:18:02.259]    __protocol=0x00010002      (Protocol="SWD", SWJ-DP="True")
[23:18:02.260]    __connection=0x00000202    (Connection Type="Flash", Reset Type="System Reset")
[23:18:02.260]    __dp=0x00000000
[23:18:02.260]    __ap=0x00000000
[23:18:02.260]    __traceout=0x00000000      (Trace Disabled)
[23:18:02.260]    __errorcontrol=0x00000000  (Skip Errors="False")
[23:18:02.260]    __FlashAddr=0x00000000
[23:18:02.260]    __FlashLen=0x00000000
[23:18:02.260]    __FlashArg=0x00000000
[23:18:02.260]    __FlashOp=0x00000000
[23:18:02.260]    __Result=0x00000000
[23:18:02.260]    
[23:18:02.260]    // User-defined
[23:18:02.260]    DbgMCU_CR=0x00000007
[23:18:02.260]  </debugvars>
[23:18:02.260]  
[23:18:02.260]  <sequence name="DebugDeviceUnlock" Pname="" disable="false" info="">
[23:18:02.261]    <block atomic="false" info="">
[23:18:02.261]      Sequence("CheckID");
[23:18:02.261]        <sequence name="CheckID" Pname="" disable="false" info="">
[23:18:02.261]          <block atomic="false" info="">
[23:18:02.261]            __var pidr1 = 0;
[23:18:02.261]              // -> [pidr1 <= 0x00000000]
[23:18:02.261]            __var pidr2 = 0;
[23:18:02.261]              // -> [pidr2 <= 0x00000000]
[23:18:02.261]            __var jep106id = 0;
[23:18:02.261]              // -> [jep106id <= 0x00000000]
[23:18:02.261]            __var ROMTableBase = 0;
[23:18:02.261]              // -> [ROMTableBase <= 0x00000000]
[23:18:02.261]            __ap = 0;      // AHB-AP
[23:18:02.261]              // -> [__ap <= 0x00000000]
[23:18:02.261]            ROMTableBase = ReadAP(0xF8) & ~0x3;
[23:18:02.262]              // -> [ReadAP(0x000000F8) => 0xE00FF003]   (__dp=0x00000000, __ap=0x00000000)
[23:18:02.262]              // -> [ROMTableBase <= 0xE00FF000]
[23:18:02.262]            pidr1 = Read32(ROMTableBase + 0x0FE4);
[23:18:02.263]              // -> [Read32(0xE00FFFE4) => 0x00000004]   (__dp=0x00000000, __ap=0x00000000)
[23:18:02.263]              // -> [pidr1 <= 0x00000004]
[23:18:02.263]            pidr2 = Read32(ROMTableBase + 0x0FE8);
[23:18:02.263]              // -> [Read32(0xE00FFFE8) => 0x0000000A]   (__dp=0x00000000, __ap=0x00000000)
[23:18:02.263]              // -> [pidr2 <= 0x0000000A]
[23:18:02.263]            jep106id = ((pidr2 & 0x7) << 4 ) | ((pidr1 >> 4) & 0xF);
[23:18:02.263]              // -> [jep106id <= 0x00000020]
[23:18:02.264]          </block>
[23:18:02.264]          <control if="jep106id != 0x20" while="" timeout="0" info="">
[23:18:02.264]            // if-block "jep106id != 0x20"
[23:18:02.264]              // =>  FALSE
[23:18:02.264]            // skip if-block "jep106id != 0x20"
[23:18:02.264]          </control>
[23:18:02.264]        </sequence>
[23:18:02.264]    </block>
[23:18:02.264]  </sequence>
[23:18:02.264]  
[23:18:02.264]  **********  Sequence "DebugCoreStart"  (Context="Connect", Pname="", info="")
[23:18:02.264]  
[23:18:02.264]  <debugvars>
[23:18:02.264]    // Pre-defined
[23:18:02.264]    __protocol=0x00010002      (Protocol="SWD", SWJ-DP="True")
[23:18:02.264]    __connection=0x00000202    (Connection Type="Flash", Reset Type="System Reset")
[23:18:02.264]    __dp=0x00000000
[23:18:02.264]    __ap=0x00000000
[23:18:02.264]    __traceout=0x00000000      (Trace Disabled)
[23:18:02.265]    __errorcontrol=0x00000000  (Skip Errors="False")
[23:18:02.265]    __FlashAddr=0x00000000
[23:18:02.265]    __FlashLen=0x00000000
[23:18:02.265]    __FlashArg=0x00000000
[23:18:02.265]    __FlashOp=0x00000000
[23:18:02.265]    __Result=0x00000000
[23:18:02.265]    
[23:18:02.265]    // User-defined
[23:18:02.265]    DbgMCU_CR=0x00000007
[23:18:02.265]  </debugvars>
[23:18:02.265]  
[23:18:02.265]  <sequence name="DebugCoreStart" Pname="" disable="false" info="">
[23:18:02.265]    <block atomic="false" info="">
[23:18:02.265]      Write32(0xE000EDF0, 0xA05F0001);                                        // Enable Core Debug via DHCSR
[23:18:02.266]        // -> [Write32(0xE000EDF0, 0xA05F0001)]   (__dp=0x00000000, __ap=0x00000000)
[23:18:02.266]      Write32(0xE0042004, DbgMCU_CR);                                         // DBGMCU_CR: Configure MCU Debug
[23:18:02.267]        // -> [Write32(0xE0042004, 0x00000007)]   (__dp=0x00000000, __ap=0x00000000)
[23:18:02.267]    </block>
[23:18:02.267]  </sequence>
[23:18:02.267]  
[23:18:21.445]  **********  Sequence "DebugDeviceUnlock"  (Context="Connect", Pname="", info="")
[23:18:21.445]  
[23:18:21.446]  <debugvars>
[23:18:21.446]    // Pre-defined
[23:18:21.446]    __protocol=0x00010002      (Protocol="SWD", SWJ-DP="True")
[23:18:21.446]    __connection=0x00000202    (Connection Type="Flash", Reset Type="System Reset")
[23:18:21.446]    __dp=0x00000000
[23:18:21.446]    __ap=0x00000000
[23:18:21.447]    __traceout=0x00000000      (Trace Disabled)
[23:18:21.447]    __errorcontrol=0x00000000  (Skip Errors="False")
[23:18:21.447]    __FlashAddr=0x00000000
[23:18:21.447]    __FlashLen=0x00000000
[23:18:21.447]    __FlashArg=0x00000000
[23:18:21.447]    __FlashOp=0x00000000
[23:18:21.447]    __Result=0x00000000
[23:18:21.447]    
[23:18:21.447]    // User-defined
[23:18:21.447]    DbgMCU_CR=0x00000007
[23:18:21.447]  </debugvars>
[23:18:21.447]  
[23:18:21.447]  <sequence name="DebugDeviceUnlock" Pname="" disable="false" info="">
[23:18:21.447]    <block atomic="false" info="">
[23:18:21.447]      Sequence("CheckID");
[23:18:21.448]        <sequence name="CheckID" Pname="" disable="false" info="">
[23:18:21.448]          <block atomic="false" info="">
[23:18:21.448]            __var pidr1 = 0;
[23:18:21.448]              // -> [pidr1 <= 0x00000000]
[23:18:21.448]            __var pidr2 = 0;
[23:18:21.448]              // -> [pidr2 <= 0x00000000]
[23:18:21.448]            __var jep106id = 0;
[23:18:21.448]              // -> [jep106id <= 0x00000000]
[23:18:21.448]            __var ROMTableBase = 0;
[23:18:21.448]              // -> [ROMTableBase <= 0x00000000]
[23:18:21.448]            __ap = 0;      // AHB-AP
[23:18:21.448]              // -> [__ap <= 0x00000000]
[23:18:21.448]            ROMTableBase = ReadAP(0xF8) & ~0x3;
[23:18:21.449]              // -> [ReadAP(0x000000F8) => 0xE00FF003]   (__dp=0x00000000, __ap=0x00000000)
[23:18:21.449]              // -> [ROMTableBase <= 0xE00FF000]
[23:18:21.449]            pidr1 = Read32(ROMTableBase + 0x0FE4);
[23:18:21.449]              // -> [Read32(0xE00FFFE4) => 0x00000004]   (__dp=0x00000000, __ap=0x00000000)
[23:18:21.449]              // -> [pidr1 <= 0x00000004]
[23:18:21.449]            pidr2 = Read32(ROMTableBase + 0x0FE8);
[23:18:21.450]              // -> [Read32(0xE00FFFE8) => 0x0000000A]   (__dp=0x00000000, __ap=0x00000000)
[23:18:21.450]              // -> [pidr2 <= 0x0000000A]
[23:18:21.450]            jep106id = ((pidr2 & 0x7) << 4 ) | ((pidr1 >> 4) & 0xF);
[23:18:21.450]              // -> [jep106id <= 0x00000020]
[23:18:21.450]          </block>
[23:18:21.450]          <control if="jep106id != 0x20" while="" timeout="0" info="">
[23:18:21.450]            // if-block "jep106id != 0x20"
[23:18:21.450]              // =>  FALSE
[23:18:21.450]            // skip if-block "jep106id != 0x20"
[23:18:21.450]          </control>
[23:18:21.450]        </sequence>
[23:18:21.451]    </block>
[23:18:21.451]  </sequence>
[23:18:21.451]  
[23:18:21.451]  **********  Sequence "DebugCoreStart"  (Context="Connect", Pname="", info="")
[23:18:21.451]  
[23:18:21.451]  <debugvars>
[23:18:21.451]    // Pre-defined
[23:18:21.451]    __protocol=0x00010002      (Protocol="SWD", SWJ-DP="True")
[23:18:21.451]    __connection=0x00000202    (Connection Type="Flash", Reset Type="System Reset")
[23:18:21.451]    __dp=0x00000000
[23:18:21.451]    __ap=0x00000000
[23:18:21.451]    __traceout=0x00000000      (Trace Disabled)
[23:18:21.451]    __errorcontrol=0x00000000  (Skip Errors="False")
[23:18:21.451]    __FlashAddr=0x00000000
[23:18:21.452]    __FlashLen=0x00000000
[23:18:21.452]    __FlashArg=0x00000000
[23:18:21.452]    __FlashOp=0x00000000
[23:18:21.452]    __Result=0x00000000
[23:18:21.452]    
[23:18:21.452]    // User-defined
[23:18:21.452]    DbgMCU_CR=0x00000007
[23:18:21.452]  </debugvars>
[23:18:21.452]  
[23:18:21.452]  <sequence name="DebugCoreStart" Pname="" disable="false" info="">
[23:18:21.452]    <block atomic="false" info="">
[23:18:21.452]      Write32(0xE000EDF0, 0xA05F0001);                                        // Enable Core Debug via DHCSR
[23:18:21.453]        // -> [Write32(0xE000EDF0, 0xA05F0001)]   (__dp=0x00000000, __ap=0x00000000)
[23:18:21.453]      Write32(0xE0042004, DbgMCU_CR);                                         // DBGMCU_CR: Configure MCU Debug
[23:18:21.453]        // -> [Write32(0xE0042004, 0x00000007)]   (__dp=0x00000000, __ap=0x00000000)
[23:18:21.453]    </block>
[23:18:21.453]  </sequence>
[23:18:21.453]  
[23:18:36.791]  **********  Sequence "DebugDeviceUnlock"  (Context="Connect", Pname="", info="")
[23:18:36.791]  
[23:18:36.792]  <debugvars>
[23:18:36.792]    // Pre-defined
[23:18:36.792]    __protocol=0x00010002      (Protocol="SWD", SWJ-DP="True")
[23:18:36.792]    __connection=0x00000202    (Connection Type="Flash", Reset Type="System Reset")
[23:18:36.792]    __dp=0x00000000
[23:18:36.792]    __ap=0x00000000
[23:18:36.793]    __traceout=0x00000000      (Trace Disabled)
[23:18:36.793]    __errorcontrol=0x00000000  (Skip Errors="False")
[23:18:36.793]    __FlashAddr=0x00000000
[23:18:36.793]    __FlashLen=0x00000000
[23:18:36.793]    __FlashArg=0x00000000
[23:18:36.793]    __FlashOp=0x00000000
[23:18:36.793]    __Result=0x00000000
[23:18:36.793]    
[23:18:36.793]    // User-defined
[23:18:36.793]    DbgMCU_CR=0x00000007
[23:18:36.793]  </debugvars>
[23:18:36.793]  
[23:18:36.793]  <sequence name="DebugDeviceUnlock" Pname="" disable="false" info="">
[23:18:36.793]    <block atomic="false" info="">
[23:18:36.793]      Sequence("CheckID");
[23:18:36.793]        <sequence name="CheckID" Pname="" disable="false" info="">
[23:18:36.794]          <block atomic="false" info="">
[23:18:36.794]            __var pidr1 = 0;
[23:18:36.794]              // -> [pidr1 <= 0x00000000]
[23:18:36.794]            __var pidr2 = 0;
[23:18:36.794]              // -> [pidr2 <= 0x00000000]
[23:18:36.794]            __var jep106id = 0;
[23:18:36.794]              // -> [jep106id <= 0x00000000]
[23:18:36.794]            __var ROMTableBase = 0;
[23:18:36.794]              // -> [ROMTableBase <= 0x00000000]
[23:18:36.794]            __ap = 0;      // AHB-AP
[23:18:36.794]              // -> [__ap <= 0x00000000]
[23:18:36.794]            ROMTableBase = ReadAP(0xF8) & ~0x3;
[23:18:36.795]              // -> [ReadAP(0x000000F8) => 0xE00FF003]   (__dp=0x00000000, __ap=0x00000000)
[23:18:36.795]              // -> [ROMTableBase <= 0xE00FF000]
[23:18:36.795]            pidr1 = Read32(ROMTableBase + 0x0FE4);
[23:18:36.795]              // -> [Read32(0xE00FFFE4) => 0x00000004]   (__dp=0x00000000, __ap=0x00000000)
[23:18:36.795]              // -> [pidr1 <= 0x00000004]
[23:18:36.796]            pidr2 = Read32(ROMTableBase + 0x0FE8);
[23:18:36.796]              // -> [Read32(0xE00FFFE8) => 0x0000000A]   (__dp=0x00000000, __ap=0x00000000)
[23:18:36.796]              // -> [pidr2 <= 0x0000000A]
[23:18:36.796]            jep106id = ((pidr2 & 0x7) << 4 ) | ((pidr1 >> 4) & 0xF);
[23:18:36.796]              // -> [jep106id <= 0x00000020]
[23:18:36.796]          </block>
[23:18:36.796]          <control if="jep106id != 0x20" while="" timeout="0" info="">
[23:18:36.796]            // if-block "jep106id != 0x20"
[23:18:36.796]              // =>  FALSE
[23:18:36.796]            // skip if-block "jep106id != 0x20"
[23:18:36.797]          </control>
[23:18:36.797]        </sequence>
[23:18:36.797]    </block>
[23:18:36.797]  </sequence>
[23:18:36.797]  
[23:18:36.797]  **********  Sequence "DebugCoreStart"  (Context="Connect", Pname="", info="")
[23:18:36.797]  
[23:18:36.797]  <debugvars>
[23:18:36.797]    // Pre-defined
[23:18:36.797]    __protocol=0x00010002      (Protocol="SWD", SWJ-DP="True")
[23:18:36.797]    __connection=0x00000202    (Connection Type="Flash", Reset Type="System Reset")
[23:18:36.797]    __dp=0x00000000
[23:18:36.797]    __ap=0x00000000
[23:18:36.797]    __traceout=0x00000000      (Trace Disabled)
[23:18:36.797]    __errorcontrol=0x00000000  (Skip Errors="False")
[23:18:36.797]    __FlashAddr=0x00000000
[23:18:36.797]    __FlashLen=0x00000000
[23:18:36.797]    __FlashArg=0x00000000
[23:18:36.797]    __FlashOp=0x00000000
[23:18:36.798]    __Result=0x00000000
[23:18:36.798]    
[23:18:36.798]    // User-defined
[23:18:36.798]    DbgMCU_CR=0x00000007
[23:18:36.798]  </debugvars>
[23:18:36.798]  
[23:18:36.798]  <sequence name="DebugCoreStart" Pname="" disable="false" info="">
[23:18:36.798]    <block atomic="false" info="">
[23:18:36.798]      Write32(0xE000EDF0, 0xA05F0001);                                        // Enable Core Debug via DHCSR
[23:18:36.799]        // -> [Write32(0xE000EDF0, 0xA05F0001)]   (__dp=0x00000000, __ap=0x00000000)
[23:18:36.799]      Write32(0xE0042004, DbgMCU_CR);                                         // DBGMCU_CR: Configure MCU Debug
[23:18:36.799]        // -> [Write32(0xE0042004, 0x00000007)]   (__dp=0x00000000, __ap=0x00000000)
[23:18:36.799]    </block>
[23:18:36.799]  </sequence>
[23:18:36.799]  
[23:18:57.854]  **********  Sequence "DebugDeviceUnlock"  (Context="Connect", Pname="", info="")
[23:18:57.854]  
[23:18:57.855]  <debugvars>
[23:18:57.855]    // Pre-defined
[23:18:57.855]    __protocol=0x00010002      (Protocol="SWD", SWJ-DP="True")
[23:18:57.855]    __connection=0x00000202    (Connection Type="Flash", Reset Type="System Reset")
[23:18:57.855]    __dp=0x00000000
[23:18:57.855]    __ap=0x00000000
[23:18:57.855]    __traceout=0x00000000      (Trace Disabled)
[23:18:57.855]    __errorcontrol=0x00000000  (Skip Errors="False")
[23:18:57.855]    __FlashAddr=0x00000000
[23:18:57.855]    __FlashLen=0x00000000
[23:18:57.856]    __FlashArg=0x00000000
[23:18:57.856]    __FlashOp=0x00000000
[23:18:57.856]    __Result=0x00000000
[23:18:57.856]    
[23:18:57.856]    // User-defined
[23:18:57.856]    DbgMCU_CR=0x00000007
[23:18:57.856]  </debugvars>
[23:18:57.856]  
[23:18:57.856]  <sequence name="DebugDeviceUnlock" Pname="" disable="false" info="">
[23:18:57.857]    <block atomic="false" info="">
[23:18:57.857]      Sequence("CheckID");
[23:18:57.857]        <sequence name="CheckID" Pname="" disable="false" info="">
[23:18:57.857]          <block atomic="false" info="">
[23:18:57.857]            __var pidr1 = 0;
[23:18:57.857]              // -> [pidr1 <= 0x00000000]
[23:18:57.857]            __var pidr2 = 0;
[23:18:57.857]              // -> [pidr2 <= 0x00000000]
[23:18:57.857]            __var jep106id = 0;
[23:18:57.857]              // -> [jep106id <= 0x00000000]
[23:18:57.857]            __var ROMTableBase = 0;
[23:18:57.858]              // -> [ROMTableBase <= 0x00000000]
[23:18:57.858]            __ap = 0;      // AHB-AP
[23:18:57.858]              // -> [__ap <= 0x00000000]
[23:18:57.858]            ROMTableBase = ReadAP(0xF8) & ~0x3;
[23:18:57.858]              // -> [ReadAP(0x000000F8) => 0xE00FF003]   (__dp=0x00000000, __ap=0x00000000)
[23:18:57.858]              // -> [ROMTableBase <= 0xE00FF000]
[23:18:57.858]            pidr1 = Read32(ROMTableBase + 0x0FE4);
[23:18:57.859]              // -> [Read32(0xE00FFFE4) => 0x00000004]   (__dp=0x00000000, __ap=0x00000000)
[23:18:57.859]              // -> [pidr1 <= 0x00000004]
[23:18:57.859]            pidr2 = Read32(ROMTableBase + 0x0FE8);
[23:18:57.859]              // -> [Read32(0xE00FFFE8) => 0x0000000A]   (__dp=0x00000000, __ap=0x00000000)
[23:18:57.860]              // -> [pidr2 <= 0x0000000A]
[23:18:57.860]            jep106id = ((pidr2 & 0x7) << 4 ) | ((pidr1 >> 4) & 0xF);
[23:18:57.860]              // -> [jep106id <= 0x00000020]
[23:18:57.860]          </block>
[23:18:57.860]          <control if="jep106id != 0x20" while="" timeout="0" info="">
[23:18:57.860]            // if-block "jep106id != 0x20"
[23:18:57.860]              // =>  FALSE
[23:18:57.860]            // skip if-block "jep106id != 0x20"
[23:18:57.860]          </control>
[23:18:57.860]        </sequence>
[23:18:57.860]    </block>
[23:18:57.860]  </sequence>
[23:18:57.860]  
[23:18:57.860]  **********  Sequence "DebugCoreStart"  (Context="Connect", Pname="", info="")
[23:18:57.860]  
[23:18:57.860]  <debugvars>
[23:18:57.860]    // Pre-defined
[23:18:57.861]    __protocol=0x00010002      (Protocol="SWD", SWJ-DP="True")
[23:18:57.861]    __connection=0x00000202    (Connection Type="Flash", Reset Type="System Reset")
[23:18:57.861]    __dp=0x00000000
[23:18:57.861]    __ap=0x00000000
[23:18:57.861]    __traceout=0x00000000      (Trace Disabled)
[23:18:57.861]    __errorcontrol=0x00000000  (Skip Errors="False")
[23:18:57.861]    __FlashAddr=0x00000000
[23:18:57.861]    __FlashLen=0x00000000
[23:18:57.861]    __FlashArg=0x00000000
[23:18:57.861]    __FlashOp=0x00000000
[23:18:57.861]    __Result=0x00000000
[23:18:57.861]    
[23:18:57.861]    // User-defined
[23:18:57.861]    DbgMCU_CR=0x00000007
[23:18:57.861]  </debugvars>
[23:18:57.861]  
[23:18:57.861]  <sequence name="DebugCoreStart" Pname="" disable="false" info="">
[23:18:57.861]    <block atomic="false" info="">
[23:18:57.861]      Write32(0xE000EDF0, 0xA05F0001);                                        // Enable Core Debug via DHCSR
[23:18:57.862]        // -> [Write32(0xE000EDF0, 0xA05F0001)]   (__dp=0x00000000, __ap=0x00000000)
[23:18:57.862]      Write32(0xE0042004, DbgMCU_CR);                                         // DBGMCU_CR: Configure MCU Debug
[23:18:57.863]        // -> [Write32(0xE0042004, 0x00000007)]   (__dp=0x00000000, __ap=0x00000000)
[23:18:57.863]    </block>
[23:18:57.863]  </sequence>
[23:18:57.863]  
[23:20:34.998]  **********  Sequence "DebugDeviceUnlock"  (Context="Connect", Pname="", info="")
[23:20:34.998]  
[23:20:34.999]  <debugvars>
[23:20:34.999]    // Pre-defined
[23:20:34.999]    __protocol=0x00010002      (Protocol="SWD", SWJ-DP="True")
[23:20:34.999]    __connection=0x00000202    (Connection Type="Flash", Reset Type="System Reset")
[23:20:34.999]    __dp=0x00000000
[23:20:34.999]    __ap=0x00000000
[23:20:34.999]    __traceout=0x00000000      (Trace Disabled)
[23:20:34.999]    __errorcontrol=0x00000000  (Skip Errors="False")
[23:20:34.999]    __FlashAddr=0x00000000
[23:20:34.999]    __FlashLen=0x00000000
[23:20:34.999]    __FlashArg=0x00000000
[23:20:34.999]    __FlashOp=0x00000000
[23:20:34.999]    __Result=0x00000000
[23:20:34.999]    
[23:20:34.999]    // User-defined
[23:20:34.999]    DbgMCU_CR=0x00000007
[23:20:34.999]  </debugvars>
[23:20:34.999]  
[23:20:35.000]  <sequence name="DebugDeviceUnlock" Pname="" disable="false" info="">
[23:20:35.000]    <block atomic="false" info="">
[23:20:35.000]      Sequence("CheckID");
[23:20:35.000]        <sequence name="CheckID" Pname="" disable="false" info="">
[23:20:35.000]          <block atomic="false" info="">
[23:20:35.000]            __var pidr1 = 0;
[23:20:35.000]              // -> [pidr1 <= 0x00000000]
[23:20:35.000]            __var pidr2 = 0;
[23:20:35.000]              // -> [pidr2 <= 0x00000000]
[23:20:35.000]            __var jep106id = 0;
[23:20:35.000]              // -> [jep106id <= 0x00000000]
[23:20:35.000]            __var ROMTableBase = 0;
[23:20:35.000]              // -> [ROMTableBase <= 0x00000000]
[23:20:35.000]            __ap = 0;      // AHB-AP
[23:20:35.000]              // -> [__ap <= 0x00000000]
[23:20:35.000]            ROMTableBase = ReadAP(0xF8) & ~0x3;
[23:20:35.001]              // -> [ReadAP(0x000000F8) => 0xE00FF003]   (__dp=0x00000000, __ap=0x00000000)
[23:20:35.001]              // -> [ROMTableBase <= 0xE00FF000]
[23:20:35.001]            pidr1 = Read32(ROMTableBase + 0x0FE4);
[23:20:35.001]              // -> [Read32(0xE00FFFE4) => 0x00000004]   (__dp=0x00000000, __ap=0x00000000)
[23:20:35.001]              // -> [pidr1 <= 0x00000004]
[23:20:35.001]            pidr2 = Read32(ROMTableBase + 0x0FE8);
[23:20:35.002]              // -> [Read32(0xE00FFFE8) => 0x0000000A]   (__dp=0x00000000, __ap=0x00000000)
[23:20:35.002]              // -> [pidr2 <= 0x0000000A]
[23:20:35.002]            jep106id = ((pidr2 & 0x7) << 4 ) | ((pidr1 >> 4) & 0xF);
[23:20:35.002]              // -> [jep106id <= 0x00000020]
[23:20:35.002]          </block>
[23:20:35.002]          <control if="jep106id != 0x20" while="" timeout="0" info="">
[23:20:35.002]            // if-block "jep106id != 0x20"
[23:20:35.002]              // =>  FALSE
[23:20:35.003]            // skip if-block "jep106id != 0x20"
[23:20:35.003]          </control>
[23:20:35.003]        </sequence>
[23:20:35.003]    </block>
[23:20:35.003]  </sequence>
[23:20:35.003]  
[23:20:35.003]  **********  Sequence "DebugCoreStart"  (Context="Connect", Pname="", info="")
[23:20:35.003]  
[23:20:35.003]  <debugvars>
[23:20:35.003]    // Pre-defined
[23:20:35.003]    __protocol=0x00010002      (Protocol="SWD", SWJ-DP="True")
[23:20:35.003]    __connection=0x00000202    (Connection Type="Flash", Reset Type="System Reset")
[23:20:35.003]    __dp=0x00000000
[23:20:35.003]    __ap=0x00000000
[23:20:35.003]    __traceout=0x00000000      (Trace Disabled)
[23:20:35.003]    __errorcontrol=0x00000000  (Skip Errors="False")
[23:20:35.003]    __FlashAddr=0x00000000
[23:20:35.003]    __FlashLen=0x00000000
[23:20:35.003]    __FlashArg=0x00000000
[23:20:35.004]    __FlashOp=0x00000000
[23:20:35.004]    __Result=0x00000000
[23:20:35.004]    
[23:20:35.004]    // User-defined
[23:20:35.004]    DbgMCU_CR=0x00000007
[23:20:35.004]  </debugvars>
[23:20:35.004]  
[23:20:35.004]  <sequence name="DebugCoreStart" Pname="" disable="false" info="">
[23:20:35.004]    <block atomic="false" info="">
[23:20:35.004]      Write32(0xE000EDF0, 0xA05F0001);                                        // Enable Core Debug via DHCSR
[23:20:35.005]        // -> [Write32(0xE000EDF0, 0xA05F0001)]   (__dp=0x00000000, __ap=0x00000000)
[23:20:35.005]      Write32(0xE0042004, DbgMCU_CR);                                         // DBGMCU_CR: Configure MCU Debug
[23:20:35.005]        // -> [Write32(0xE0042004, 0x00000007)]   (__dp=0x00000000, __ap=0x00000000)
[23:20:35.005]    </block>
[23:20:35.005]  </sequence>
[23:20:35.006]  
[23:20:55.287]  **********  Sequence "DebugDeviceUnlock"  (Context="Connect", Pname="", info="")
[23:20:55.287]  
[23:20:55.288]  <debugvars>
[23:20:55.288]    // Pre-defined
[23:20:55.288]    __protocol=0x00010002      (Protocol="SWD", SWJ-DP="True")
[23:20:55.288]    __connection=0x00000201    (Connection Type="Debug", Reset Type="System Reset")
[23:20:55.288]    __dp=0x00000000
[23:20:55.288]    __ap=0x00000000
[23:20:55.288]    __traceout=0x00000000      (Trace Disabled)
[23:20:55.288]    __errorcontrol=0x00000000  (Skip Errors="False")
[23:20:55.288]    __FlashAddr=0x00000000
[23:20:55.289]    __FlashLen=0x00000000
[23:20:55.289]    __FlashArg=0x00000000
[23:20:55.289]    __FlashOp=0x00000000
[23:20:55.289]    __Result=0x00000000
[23:20:55.289]    
[23:20:55.289]    // User-defined
[23:20:55.289]    DbgMCU_CR=0x00000007
[23:20:55.289]  </debugvars>
[23:20:55.289]  
[23:20:55.290]  <sequence name="DebugDeviceUnlock" Pname="" disable="false" info="">
[23:20:55.290]    <block atomic="false" info="">
[23:20:55.290]      Sequence("CheckID");
[23:20:55.290]        <sequence name="CheckID" Pname="" disable="false" info="">
[23:20:55.290]          <block atomic="false" info="">
[23:20:55.291]            __var pidr1 = 0;
[23:20:55.291]              // -> [pidr1 <= 0x00000000]
[23:20:55.291]            __var pidr2 = 0;
[23:20:55.291]              // -> [pidr2 <= 0x00000000]
[23:20:55.291]            __var jep106id = 0;
[23:20:55.291]              // -> [jep106id <= 0x00000000]
[23:20:55.291]            __var ROMTableBase = 0;
[23:20:55.291]              // -> [ROMTableBase <= 0x00000000]
[23:20:55.291]            __ap = 0;      // AHB-AP
[23:20:55.292]              // -> [__ap <= 0x00000000]
[23:20:55.292]            ROMTableBase = ReadAP(0xF8) & ~0x3;
[23:20:55.292]              // -> [ReadAP(0x000000F8) => 0xE00FF003]   (__dp=0x00000000, __ap=0x00000000)
[23:20:55.292]              // -> [ROMTableBase <= 0xE00FF000]
[23:20:55.292]            pidr1 = Read32(ROMTableBase + 0x0FE4);
[23:20:55.293]              // -> [Read32(0xE00FFFE4) => 0x00000004]   (__dp=0x00000000, __ap=0x00000000)
[23:20:55.293]              // -> [pidr1 <= 0x00000004]
[23:20:55.293]            pidr2 = Read32(ROMTableBase + 0x0FE8);
[23:20:55.294]              // -> [Read32(0xE00FFFE8) => 0x0000000A]   (__dp=0x00000000, __ap=0x00000000)
[23:20:55.294]              // -> [pidr2 <= 0x0000000A]
[23:20:55.294]            jep106id = ((pidr2 & 0x7) << 4 ) | ((pidr1 >> 4) & 0xF);
[23:20:55.294]              // -> [jep106id <= 0x00000020]
[23:20:55.294]          </block>
[23:20:55.294]          <control if="jep106id != 0x20" while="" timeout="0" info="">
[23:20:55.295]            // if-block "jep106id != 0x20"
[23:20:55.295]              // =>  FALSE
[23:20:55.295]            // skip if-block "jep106id != 0x20"
[23:20:55.295]          </control>
[23:20:55.295]        </sequence>
[23:20:55.295]    </block>
[23:20:55.295]  </sequence>
[23:20:55.295]  
[23:20:55.295]  **********  Sequence "DebugCoreStart"  (Context="Connect", Pname="", info="")
[23:20:55.295]  
[23:20:55.295]  <debugvars>
[23:20:55.295]    // Pre-defined
[23:20:55.297]    __protocol=0x00010002      (Protocol="SWD", SWJ-DP="True")
[23:20:55.297]    __connection=0x00000201    (Connection Type="Debug", Reset Type="System Reset")
[23:20:55.297]    __dp=0x00000000
[23:20:55.297]    __ap=0x00000000
[23:20:55.297]    __traceout=0x00000000      (Trace Disabled)
[23:20:55.297]    __errorcontrol=0x00000000  (Skip Errors="False")
[23:20:55.297]    __FlashAddr=0x00000000
[23:20:55.297]    __FlashLen=0x00000000
[23:20:55.297]    __FlashArg=0x00000000
[23:20:55.297]    __FlashOp=0x00000000
[23:20:55.297]    __Result=0x00000000
[23:20:55.297]    
[23:20:55.297]    // User-defined
[23:20:55.297]    DbgMCU_CR=0x00000007
[23:20:55.297]  </debugvars>
[23:20:55.297]  
[23:20:55.297]  <sequence name="DebugCoreStart" Pname="" disable="false" info="">
[23:20:55.297]    <block atomic="false" info="">
[23:20:55.297]      Write32(0xE000EDF0, 0xA05F0001);                                        // Enable Core Debug via DHCSR
[23:20:55.298]        // -> [Write32(0xE000EDF0, 0xA05F0001)]   (__dp=0x00000000, __ap=0x00000000)
[23:20:55.298]      Write32(0xE0042004, DbgMCU_CR);                                         // DBGMCU_CR: Configure MCU Debug
[23:20:55.299]        // -> [Write32(0xE0042004, 0x00000007)]   (__dp=0x00000000, __ap=0x00000000)
[23:20:55.299]    </block>
[23:20:55.299]  </sequence>
[23:20:55.299]  
[23:23:12.813]  **********  Sequence "DebugDeviceUnlock"  (Context="Connect", Pname="", info="")
[23:23:12.813]  
[23:23:12.813]  <debugvars>
[23:23:12.813]    // Pre-defined
[23:23:12.813]    __protocol=0x00010002      (Protocol="SWD", SWJ-DP="True")
[23:23:12.813]    __connection=0x00000202    (Connection Type="Flash", Reset Type="System Reset")
[23:23:12.813]    __dp=0x00000000
[23:23:12.813]    __ap=0x00000000
[23:23:12.813]    __traceout=0x00000000      (Trace Disabled)
[23:23:12.814]    __errorcontrol=0x00000000  (Skip Errors="False")
[23:23:12.814]    __FlashAddr=0x00000000
[23:23:12.814]    __FlashLen=0x00000000
[23:23:12.814]    __FlashArg=0x00000000
[23:23:12.814]    __FlashOp=0x00000000
[23:23:12.814]    __Result=0x00000000
[23:23:12.814]    
[23:23:12.814]    // User-defined
[23:23:12.814]    DbgMCU_CR=0x00000007
[23:23:12.814]  </debugvars>
[23:23:12.814]  
[23:23:12.814]  <sequence name="DebugDeviceUnlock" Pname="" disable="false" info="">
[23:23:12.814]    <block atomic="false" info="">
[23:23:12.814]      Sequence("CheckID");
[23:23:12.814]        <sequence name="CheckID" Pname="" disable="false" info="">
[23:23:12.814]          <block atomic="false" info="">
[23:23:12.814]            __var pidr1 = 0;
[23:23:12.814]              // -> [pidr1 <= 0x00000000]
[23:23:12.815]            __var pidr2 = 0;
[23:23:12.815]              // -> [pidr2 <= 0x00000000]
[23:23:12.815]            __var jep106id = 0;
[23:23:12.815]              // -> [jep106id <= 0x00000000]
[23:23:12.815]            __var ROMTableBase = 0;
[23:23:12.815]              // -> [ROMTableBase <= 0x00000000]
[23:23:12.815]            __ap = 0;      // AHB-AP
[23:23:12.815]              // -> [__ap <= 0x00000000]
[23:23:12.815]            ROMTableBase = ReadAP(0xF8) & ~0x3;
[23:23:12.815]              // -> [ReadAP(0x000000F8) => 0xE00FF003]   (__dp=0x00000000, __ap=0x00000000)
[23:23:12.816]              // -> [ROMTableBase <= 0xE00FF000]
[23:23:12.816]            pidr1 = Read32(ROMTableBase + 0x0FE4);
[23:23:12.816]              // -> [Read32(0xE00FFFE4) => 0x00000004]   (__dp=0x00000000, __ap=0x00000000)
[23:23:12.816]              // -> [pidr1 <= 0x00000004]
[23:23:12.816]            pidr2 = Read32(ROMTableBase + 0x0FE8);
[23:23:12.817]              // -> [Read32(0xE00FFFE8) => 0x0000000A]   (__dp=0x00000000, __ap=0x00000000)
[23:23:12.817]              // -> [pidr2 <= 0x0000000A]
[23:23:12.817]            jep106id = ((pidr2 & 0x7) << 4 ) | ((pidr1 >> 4) & 0xF);
[23:23:12.817]              // -> [jep106id <= 0x00000020]
[23:23:12.817]          </block>
[23:23:12.817]          <control if="jep106id != 0x20" while="" timeout="0" info="">
[23:23:12.817]            // if-block "jep106id != 0x20"
[23:23:12.817]              // =>  FALSE
[23:23:12.817]            // skip if-block "jep106id != 0x20"
[23:23:12.817]          </control>
[23:23:12.817]        </sequence>
[23:23:12.817]    </block>
[23:23:12.817]  </sequence>
[23:23:12.818]  
[23:23:12.818]  **********  Sequence "DebugCoreStart"  (Context="Connect", Pname="", info="")
[23:23:12.818]  
[23:23:12.818]  <debugvars>
[23:23:12.818]    // Pre-defined
[23:23:12.818]    __protocol=0x00010002      (Protocol="SWD", SWJ-DP="True")
[23:23:12.818]    __connection=0x00000202    (Connection Type="Flash", Reset Type="System Reset")
[23:23:12.818]    __dp=0x00000000
[23:23:12.818]    __ap=0x00000000
[23:23:12.818]    __traceout=0x00000000      (Trace Disabled)
[23:23:12.818]    __errorcontrol=0x00000000  (Skip Errors="False")
[23:23:12.818]    __FlashAddr=0x00000000
[23:23:12.818]    __FlashLen=0x00000000
[23:23:12.818]    __FlashArg=0x00000000
[23:23:12.818]    __FlashOp=0x00000000
[23:23:12.818]    __Result=0x00000000
[23:23:12.818]    
[23:23:12.818]    // User-defined
[23:23:12.818]    DbgMCU_CR=0x00000007
[23:23:12.819]  </debugvars>
[23:23:12.819]  
[23:23:12.819]  <sequence name="DebugCoreStart" Pname="" disable="false" info="">
[23:23:12.819]    <block atomic="false" info="">
[23:23:12.819]      Write32(0xE000EDF0, 0xA05F0001);                                        // Enable Core Debug via DHCSR
[23:23:12.819]        // -> [Write32(0xE000EDF0, 0xA05F0001)]   (__dp=0x00000000, __ap=0x00000000)
[23:23:12.819]      Write32(0xE0042004, DbgMCU_CR);                                         // DBGMCU_CR: Configure MCU Debug
[23:23:12.820]        // -> [Write32(0xE0042004, 0x00000007)]   (__dp=0x00000000, __ap=0x00000000)
[23:23:12.820]    </block>
[23:23:12.820]  </sequence>
[23:23:12.820]  
[23:23:38.591]  **********  Sequence "DebugDeviceUnlock"  (Context="Connect", Pname="", info="")
[23:23:38.591]  
[23:23:38.591]  <debugvars>
[23:23:38.592]    // Pre-defined
[23:23:38.592]    __protocol=0x00010002      (Protocol="SWD", SWJ-DP="True")
[23:23:38.592]    __connection=0x00000202    (Connection Type="Flash", Reset Type="System Reset")
[23:23:38.592]    __dp=0x00000000
[23:23:38.592]    __ap=0x00000000
[23:23:38.592]    __traceout=0x00000000      (Trace Disabled)
[23:23:38.592]    __errorcontrol=0x00000000  (Skip Errors="False")
[23:23:38.592]    __FlashAddr=0x00000000
[23:23:38.592]    __FlashLen=0x00000000
[23:23:38.592]    __FlashArg=0x00000000
[23:23:38.592]    __FlashOp=0x00000000
[23:23:38.592]    __Result=0x00000000
[23:23:38.592]    
[23:23:38.592]    // User-defined
[23:23:38.592]    DbgMCU_CR=0x00000007
[23:23:38.592]  </debugvars>
[23:23:38.593]  
[23:23:38.593]  <sequence name="DebugDeviceUnlock" Pname="" disable="false" info="">
[23:23:38.593]    <block atomic="false" info="">
[23:23:38.593]      Sequence("CheckID");
[23:23:38.593]        <sequence name="CheckID" Pname="" disable="false" info="">
[23:23:38.593]          <block atomic="false" info="">
[23:23:38.593]            __var pidr1 = 0;
[23:23:38.593]              // -> [pidr1 <= 0x00000000]
[23:23:38.593]            __var pidr2 = 0;
[23:23:38.593]              // -> [pidr2 <= 0x00000000]
[23:23:38.593]            __var jep106id = 0;
[23:23:38.593]              // -> [jep106id <= 0x00000000]
[23:23:38.593]            __var ROMTableBase = 0;
[23:23:38.594]              // -> [ROMTableBase <= 0x00000000]
[23:23:38.594]            __ap = 0;      // AHB-AP
[23:23:38.594]              // -> [__ap <= 0x00000000]
[23:23:38.594]            ROMTableBase = ReadAP(0xF8) & ~0x3;
[23:23:38.594]              // -> [ReadAP(0x000000F8) => 0xE00FF003]   (__dp=0x00000000, __ap=0x00000000)
[23:23:38.594]              // -> [ROMTableBase <= 0xE00FF000]
[23:23:38.594]            pidr1 = Read32(ROMTableBase + 0x0FE4);
[23:23:38.595]              // -> [Read32(0xE00FFFE4) => 0x00000004]   (__dp=0x00000000, __ap=0x00000000)
[23:23:38.595]              // -> [pidr1 <= 0x00000004]
[23:23:38.595]            pidr2 = Read32(ROMTableBase + 0x0FE8);
[23:23:38.595]              // -> [Read32(0xE00FFFE8) => 0x0000000A]   (__dp=0x00000000, __ap=0x00000000)
[23:23:38.596]              // -> [pidr2 <= 0x0000000A]
[23:23:38.596]            jep106id = ((pidr2 & 0x7) << 4 ) | ((pidr1 >> 4) & 0xF);
[23:23:38.596]              // -> [jep106id <= 0x00000020]
[23:23:38.596]          </block>
[23:23:38.596]          <control if="jep106id != 0x20" while="" timeout="0" info="">
[23:23:38.596]            // if-block "jep106id != 0x20"
[23:23:38.596]              // =>  FALSE
[23:23:38.596]            // skip if-block "jep106id != 0x20"
[23:23:38.596]          </control>
[23:23:38.596]        </sequence>
[23:23:38.596]    </block>
[23:23:38.596]  </sequence>
[23:23:38.596]  
[23:23:38.596]  **********  Sequence "DebugCoreStart"  (Context="Connect", Pname="", info="")
[23:23:38.596]  
[23:23:38.596]  <debugvars>
[23:23:38.596]    // Pre-defined
[23:23:38.596]    __protocol=0x00010002      (Protocol="SWD", SWJ-DP="True")
[23:23:38.596]    __connection=0x00000202    (Connection Type="Flash", Reset Type="System Reset")
[23:23:38.597]    __dp=0x00000000
[23:23:38.597]    __ap=0x00000000
[23:23:38.597]    __traceout=0x00000000      (Trace Disabled)
[23:23:38.597]    __errorcontrol=0x00000000  (Skip Errors="False")
[23:23:38.597]    __FlashAddr=0x00000000
[23:23:38.597]    __FlashLen=0x00000000
[23:23:38.597]    __FlashArg=0x00000000
[23:23:38.597]    __FlashOp=0x00000000
[23:23:38.597]    __Result=0x00000000
[23:23:38.597]    
[23:23:38.597]    // User-defined
[23:23:38.597]    DbgMCU_CR=0x00000007
[23:23:38.597]  </debugvars>
[23:23:38.597]  
[23:23:38.597]  <sequence name="DebugCoreStart" Pname="" disable="false" info="">
[23:23:38.597]    <block atomic="false" info="">
[23:23:38.597]      Write32(0xE000EDF0, 0xA05F0001);                                        // Enable Core Debug via DHCSR
[23:23:38.598]        // -> [Write32(0xE000EDF0, 0xA05F0001)]   (__dp=0x00000000, __ap=0x00000000)
[23:23:38.598]      Write32(0xE0042004, DbgMCU_CR);                                         // DBGMCU_CR: Configure MCU Debug
[23:23:38.599]        // -> [Write32(0xE0042004, 0x00000007)]   (__dp=0x00000000, __ap=0x00000000)
[23:23:38.599]    </block>
[23:23:38.599]  </sequence>
[23:23:38.599]  
[23:23:56.409]  **********  Sequence "DebugDeviceUnlock"  (Context="Connect", Pname="", info="")
[23:23:56.409]  
[23:23:56.409]  <debugvars>
[23:23:56.409]    // Pre-defined
[23:23:56.409]    __protocol=0x00010002      (Protocol="SWD", SWJ-DP="True")
[23:23:56.410]    __connection=0x00000202    (Connection Type="Flash", Reset Type="System Reset")
[23:23:56.410]    __dp=0x00000000
[23:23:56.410]    __ap=0x00000000
[23:23:56.410]    __traceout=0x00000000      (Trace Disabled)
[23:23:56.410]    __errorcontrol=0x00000000  (Skip Errors="False")
[23:23:56.410]    __FlashAddr=0x00000000
[23:23:56.410]    __FlashLen=0x00000000
[23:23:56.410]    __FlashArg=0x00000000
[23:23:56.410]    __FlashOp=0x00000000
[23:23:56.410]    __Result=0x00000000
[23:23:56.410]    
[23:23:56.410]    // User-defined
[23:23:56.410]    DbgMCU_CR=0x00000007
[23:23:56.410]  </debugvars>
[23:23:56.410]  
[23:23:56.411]  <sequence name="DebugDeviceUnlock" Pname="" disable="false" info="">
[23:23:56.411]    <block atomic="false" info="">
[23:23:56.411]      Sequence("CheckID");
[23:23:56.411]        <sequence name="CheckID" Pname="" disable="false" info="">
[23:23:56.411]          <block atomic="false" info="">
[23:23:56.411]            __var pidr1 = 0;
[23:23:56.411]              // -> [pidr1 <= 0x00000000]
[23:23:56.411]            __var pidr2 = 0;
[23:23:56.411]              // -> [pidr2 <= 0x00000000]
[23:23:56.411]            __var jep106id = 0;
[23:23:56.411]              // -> [jep106id <= 0x00000000]
[23:23:56.411]            __var ROMTableBase = 0;
[23:23:56.411]              // -> [ROMTableBase <= 0x00000000]
[23:23:56.411]            __ap = 0;      // AHB-AP
[23:23:56.411]              // -> [__ap <= 0x00000000]
[23:23:56.411]            ROMTableBase = ReadAP(0xF8) & ~0x3;
[23:23:56.412]              // -> [ReadAP(0x000000F8) => 0xE00FF003]   (__dp=0x00000000, __ap=0x00000000)
[23:23:56.412]              // -> [ROMTableBase <= 0xE00FF000]
[23:23:56.412]            pidr1 = Read32(ROMTableBase + 0x0FE4);
[23:23:56.412]              // -> [Read32(0xE00FFFE4) => 0x00000004]   (__dp=0x00000000, __ap=0x00000000)
[23:23:56.412]              // -> [pidr1 <= 0x00000004]
[23:23:56.412]            pidr2 = Read32(ROMTableBase + 0x0FE8);
[23:23:56.413]              // -> [Read32(0xE00FFFE8) => 0x0000000A]   (__dp=0x00000000, __ap=0x00000000)
[23:23:56.413]              // -> [pidr2 <= 0x0000000A]
[23:23:56.413]            jep106id = ((pidr2 & 0x7) << 4 ) | ((pidr1 >> 4) & 0xF);
[23:23:56.413]              // -> [jep106id <= 0x00000020]
[23:23:56.413]          </block>
[23:23:56.413]          <control if="jep106id != 0x20" while="" timeout="0" info="">
[23:23:56.413]            // if-block "jep106id != 0x20"
[23:23:56.413]              // =>  FALSE
[23:23:56.413]            // skip if-block "jep106id != 0x20"
[23:23:56.413]          </control>
[23:23:56.413]        </sequence>
[23:23:56.414]    </block>
[23:23:56.414]  </sequence>
[23:23:56.414]  
[23:23:56.414]  **********  Sequence "DebugCoreStart"  (Context="Connect", Pname="", info="")
[23:23:56.414]  
[23:23:56.414]  <debugvars>
[23:23:56.414]    // Pre-defined
[23:23:56.414]    __protocol=0x00010002      (Protocol="SWD", SWJ-DP="True")
[23:23:56.414]    __connection=0x00000202    (Connection Type="Flash", Reset Type="System Reset")
[23:23:56.414]    __dp=0x00000000
[23:23:56.414]    __ap=0x00000000
[23:23:56.414]    __traceout=0x00000000      (Trace Disabled)
[23:23:56.414]    __errorcontrol=0x00000000  (Skip Errors="False")
[23:23:56.414]    __FlashAddr=0x00000000
[23:23:56.414]    __FlashLen=0x00000000
[23:23:56.414]    __FlashArg=0x00000000
[23:23:56.414]    __FlashOp=0x00000000
[23:23:56.414]    __Result=0x00000000
[23:23:56.414]    
[23:23:56.414]    // User-defined
[23:23:56.415]    DbgMCU_CR=0x00000007
[23:23:56.415]  </debugvars>
[23:23:56.415]  
[23:23:56.415]  <sequence name="DebugCoreStart" Pname="" disable="false" info="">
[23:23:56.415]    <block atomic="false" info="">
[23:23:56.415]      Write32(0xE000EDF0, 0xA05F0001);                                        // Enable Core Debug via DHCSR
[23:23:56.415]        // -> [Write32(0xE000EDF0, 0xA05F0001)]   (__dp=0x00000000, __ap=0x00000000)
[23:23:56.416]      Write32(0xE0042004, DbgMCU_CR);                                         // DBGMCU_CR: Configure MCU Debug
[23:23:56.416]        // -> [Write32(0xE0042004, 0x00000007)]   (__dp=0x00000000, __ap=0x00000000)
[23:23:56.416]    </block>
[23:23:56.416]  </sequence>
[23:23:56.416]  
