/*
 *  CMSIS Pack Debug Access Sequence Log
 *  File        : E:\AA_study_resource\STM32_myself\01Light_Up_LED\Projects\MDK-ARM\atk_f103_Sequences_0000.log
 *  Created     : 21:31:14 (25/03/2024)
 *  Device      : STM32F103C8
 *  PDSC File   : G:/Keil_v5/ARM/Packs/Keil/STM32F1xx_DFP/2.4.1/Keil.STM32F1xx_DFP.pdsc
 *  Config File : E:\AA_study_resource\STM32_myself\01Light_Up_LED\Projects\MDK-ARM\DebugConfig\Template_STM32F103C8_1.0.0.dbgconf
 *
 */

[21:31:14.481]  **********  Sequence "DebugDeviceUnlock"  (Context="Target Access", Pname="", info="")
[21:31:14.481]  
[21:31:14.483]  <debugvars>
[21:31:14.485]    // Pre-defined
[21:31:14.488]    __protocol=0x00010002      (Protocol="SWD", SWJ-DP="True")
[21:31:14.488]    __connection=0x00000202    (Connection Type="Flash", Reset Type="System Reset")
[21:31:14.488]    __dp=0x00000000
[21:31:14.488]    __ap=0x00000000
[21:31:14.489]    __traceout=0x00000000      (Trace Disabled)
[21:31:14.489]    __errorcontrol=0x00000000  (Skip Errors="False")
[21:31:14.489]    __FlashAddr=0x00000000
[21:31:14.489]    __FlashLen=0x00000000
[21:31:14.489]    __FlashArg=0x00000000
[21:31:14.489]    __FlashOp=0x00000000
[21:31:14.489]    __Result=0x00000000
[21:31:14.489]    
[21:31:14.489]    // User-defined
[21:31:14.489]    DbgMCU_CR=0x00000007
[21:31:14.489]  </debugvars>
[21:31:14.489]  
[21:31:14.489]  <sequence name="DebugDeviceUnlock" Pname="" disable="false" info="">
[21:31:14.489]    <block atomic="false" info="">
[21:31:14.489]      Sequence("CheckID");
[21:31:14.489]        <sequence name="CheckID" Pname="" disable="false" info="">
[21:31:14.490]          <block atomic="false" info="">
[21:31:14.490]            __var pidr1 = 0;
[21:31:14.490]              // -> [pidr1 <= 0x00000000]
[21:31:14.490]            __var pidr2 = 0;
[21:31:14.490]              // -> [pidr2 <= 0x00000000]
[21:31:14.490]            __var jep106id = 0;
[21:31:14.490]              // -> [jep106id <= 0x00000000]
[21:31:14.490]            __var ROMTableBase = 0;
[21:31:14.490]              // -> [ROMTableBase <= 0x00000000]
[21:31:14.490]            __ap = 0;      // AHB-AP
[21:31:14.490]              // -> [__ap <= 0x00000000]
[21:31:14.490]            ROMTableBase = ReadAP(0xF8) & ~0x3;
[21:31:14.490]              // -> [ReadAP(0x000000F8) => 0xE00FF003]   (__dp=0x00000000, __ap=0x00000000)
[21:31:14.490]              // -> [ROMTableBase <= 0xE00FF000]
[21:31:14.490]            pidr1 = Read32(ROMTableBase + 0x0FE4);
[21:31:14.491]              // -> [Read32(0xE00FFFE4) => 0x00000004]   (__dp=0x00000000, __ap=0x00000000)
[21:31:14.491]              // -> [pidr1 <= 0x00000004]
[21:31:14.491]            pidr2 = Read32(ROMTableBase + 0x0FE8);
[21:31:14.491]              // -> [Read32(0xE00FFFE8) => 0x0000000A]   (__dp=0x00000000, __ap=0x00000000)
[21:31:14.491]              // -> [pidr2 <= 0x0000000A]
[21:31:14.491]            jep106id = ((pidr2 & 0x7) << 4 ) | ((pidr1 >> 4) & 0xF);
[21:31:14.491]              // -> [jep106id <= 0x00000020]
[21:31:14.491]          </block>
[21:31:14.491]          <control if="jep106id != 0x20" while="" timeout="0" info="">
[21:31:14.491]            // if-block "jep106id != 0x20"
[21:31:14.491]              // =>  FALSE
[21:31:14.491]            // skip if-block "jep106id != 0x20"
[21:31:14.491]          </control>
[21:31:14.492]        </sequence>
[21:31:14.492]    </block>
[21:31:14.492]  </sequence>
[21:31:14.492]  
[21:31:14.492]  **********  Sequence "DebugCoreStart"  (Context="Target Access", Pname="", info="")
[21:31:14.492]  
[21:31:14.492]  <debugvars>
[21:31:14.492]    // Pre-defined
[21:31:14.492]    __protocol=0x00010002      (Protocol="SWD", SWJ-DP="True")
[21:31:14.492]    __connection=0x00000202    (Connection Type="Flash", Reset Type="System Reset")
[21:31:14.492]    __dp=0x00000000
[21:31:14.492]    __ap=0x00000000
[21:31:14.492]    __traceout=0x00000000      (Trace Disabled)
[21:31:14.492]    __errorcontrol=0x00000000  (Skip Errors="False")
[21:31:14.492]    __FlashAddr=0x00000000
[21:31:14.492]    __FlashLen=0x00000000
[21:31:14.492]    __FlashArg=0x00000000
[21:31:14.492]    __FlashOp=0x00000000
[21:31:14.492]    __Result=0x00000000
[21:31:14.492]    
[21:31:14.492]    // User-defined
[21:31:14.493]    DbgMCU_CR=0x00000007
[21:31:14.493]  </debugvars>
[21:31:14.493]  
[21:31:14.493]  <sequence name="DebugCoreStart" Pname="" disable="false" info="">
[21:31:14.493]    <block atomic="false" info="">
[21:31:14.493]      Write32(0xE000EDF0, 0xA05F0001);                                        // Enable Core Debug via DHCSR
[21:31:14.493]        // -> [Write32(0xE000EDF0, 0xA05F0001)]   (__dp=0x00000000, __ap=0x00000000)
[21:31:14.493]      Write32(0xE0042004, DbgMCU_CR);                                         // DBGMCU_CR: Configure MCU Debug
[21:31:14.494]        // -> [Write32(0xE0042004, 0x00000007)]   (__dp=0x00000000, __ap=0x00000000)
[21:31:14.494]    </block>
[21:31:14.494]  </sequence>
[21:31:14.494]  
